

++++++++++++++++++++++++++++++++++++ Parsing Argument ++++++++++++++++++++++++++++++++++++
INFO: Kernel File        = ../../kernels/net/net.cl
INFO: Kernels to compile = dataLayer,outputLayer,convLayer,paddingLayer,reluLayer,poolingLayer
INFO: Network JSON File  = ../../convertor/output/mnist.json
INFO: Device Type        = CPU
INFO: Device Id          = 0
INFO: Platform Name      = Apple
INFO: OpenCL Version     = OpenCL 1.2
INFO: Network Logging    = debug
INFO: Extra Infomation   = 


++++++++++++++++++++++++++++++++++++ Hardware Detecting ++++++++++++++++++++++++++++++++++++
DEBUG: clGetPlatformIDs -> Success
DEBUG: clGetPlatformInfo -> Success
DEBUG: Available Platform Found: Apple
DEBUG: clGetDeviceIDs at platform: Apple -> Success
DEBUG: clGetDeviceInfo:Intel(R) Core(TM) i7-4980HQ CPU @ 2.80GHz -> Success
DEBUG: Apple Hardware Founded: Intel(R) Core(TM) i7-4980HQ CPU @ 2.80GHz


++++++++++++++++++++++++++++++++++++ Hardware Selecting - Platform ++++++++++++++++++++++++++++++++++++
DEBUG: clGetPlatformInfo -> Success
INFO: Selected platform Apple
DEBUG: clGetDeviceIDs:Apple -> Success


++++++++++++++++++++++++++++++++++++ Hardware Selecting - Device ++++++++++++++++++++++++++++++++++++
DEBUG: clGetDeviceInfo:Intel(R) Core(TM) i7-4980HQ CPU @ 2.80GHz -> Success
INFO: Available Device: Intel(R) Core(TM) i7-4980HQ CPU @ 2.80GHz
INFO: Choose Device: Intel(R) Core(TM) i7-4980HQ CPU @ 2.80GHz
DEBUG: clCreateContextFromType -> Success
DEBUG: clCreateCommandQueue -> Success
DEBUG: clGetDeviceInfo -> Success


++++++++++++++++++++++++++++++++++++ Platform Hardware Info ++++++++++++++++++++++++++++++++++++
INFO: Platform = Apple
INFO: Device = Intel(R) Core(TM) i7-4980HQ CPU @ 2.80GHz
INFO: OpenCL Version = 1.2


++++++++++++++++++++++++++++++++++++ Kernel Compilation ++++++++++++++++++++++++++++++++++++
INFO: Loading ../../kernels/net/net.cl
INFO: loadFile2Memory ../../kernels/net/net.cl successfully
Iterating through kernelMap to create kernels, numOfKernels = 6
Creating Kernel: convLayer
DEBUG: Creating Kernel: convLayer Successfully
Creating Kernel: dataLayer
DEBUG: Creating Kernel: dataLayer Successfully
Creating Kernel: outputLayer
DEBUG: Creating Kernel: outputLayer Successfully
Creating Kernel: paddingLayer
DEBUG: Creating Kernel: paddingLayer Successfully
Creating Kernel: poolingLayer
DEBUG: Creating Kernel: poolingLayer Successfully
Creating Kernel: reluLayer
DEBUG: Creating Kernel: reluLayer Successfully
DEBUG: compileProgram -> Success
Kernel: convLayer 0x7fe135805000
Kernel: dataLayer 0x7fe135805600
Kernel: outputLayer 0x7fe13580fc00
Kernel: paddingLayer 0x7fe135810200
Kernel: poolingLayer 0x7fe135810800
Kernel: reluLayer 0x7fe135810e00


++++++++++++++++++++++++++++++++++++ OpenCL RunTime Environment ++++++++++++++++++++++++++++++++++++
INFO: CL_DEVICE_MAX_WORK_GROUP_SIZE = 4100
INFO: CL_DEVICE_MAX_WORK_ITEM_SIZES   4101


++++++++++++++++++++++++++++++++++++ Custom Host Code ++++++++++++++++++++++++++++++++++++
INFO: Number of images not specified, use 1
INFO: Start to read ../../convertor/output/mnist.json
INFO: loadFile2Memory ../../convertor/output/mnist.json successfully
INFO: Read network json ../../convertor/output/mnist.json finished
INFO: Start to build net.
INFO: Because the network logging = DEBUG, enable feature map transfer from hardware (you have to enable this when compiling your net.cl!) and printing in each layer
------------------------------------------
WARN: READ THIS!! 
- If you build you net.cl kernel with / without DEBUG flags, then you have to set -l debug / -l [no/net/layer]. 
- If you build you net.cl with / without pingpong buffer, then you have to run the program in (-v 12) / (-v 20) correspondingly. 
Otherwise, mismatch will produce severe memory error. You machine may SHUTDOWN itself, and your FPGA may corrupt and need reconfiguration.

------------------------------------------
Hint: You could scroll up to check your argument section.
Do you want to continue? [y/n]
INFO: Net build finished.
INFO: Forward Pass: ../../convertor/output/mnist.json
INFO:     Forward Pass: Layer Data:mnist - Output Information: channel 1, width 28, height 28
Input: 


0.00,0.00,0.00,0.00,0.00,0.00,0.00,0.00,0.00,0.00,0.00,0.00,0.00,0.00,0.00,0.00,0.00,0.00,0.00,0.00,0.00,0.00,0.00,0.00,0.00,0.00,0.00,0.00,
0.00,0.00,0.00,0.00,0.00,0.00,0.00,0.00,0.00,0.00,0.00,0.00,0.00,0.00,0.00,0.00,0.00,0.00,0.00,0.00,0.00,0.00,0.00,0.00,0.00,0.00,0.00,0.00,
0.00,0.00,0.00,0.00,0.00,0.00,0.00,0.00,0.00,0.00,0.00,0.00,0.00,0.00,0.00,0.00,0.00,0.00,0.00,0.00,0.00,0.00,0.00,0.00,0.00,0.00,0.00,0.00,
0.00,0.00,0.00,0.00,0.00,0.00,0.00,0.00,0.00,0.00,0.00,0.00,0.00,0.00,0.00,0.00,0.00,0.00,0.00,0.00,0.00,0.00,0.00,0.00,0.00,0.00,0.00,0.00,
0.00,0.00,0.00,0.00,0.00,0.00,0.00,0.00,0.00,0.00,0.00,0.00,0.00,0.00,0.00,0.00,0.00,0.00,0.00,0.00,0.00,0.00,0.00,0.00,0.00,0.00,0.00,0.00,
0.00,0.00,0.00,0.00,0.00,0.00,0.00,0.00,0.00,0.00,0.00,0.00,0.00,0.00,0.00,0.00,0.00,0.00,0.00,0.00,0.00,0.00,0.00,0.00,0.00,0.00,0.00,0.00,
0.00,0.00,0.00,0.00,0.00,0.00,0.00,0.00,0.00,0.00,0.00,0.00,0.00,0.00,0.00,0.00,0.00,0.00,0.00,0.00,0.00,0.00,0.00,0.00,0.00,0.00,0.00,0.00,
0.00,0.00,0.00,0.00,0.00,0.00,84.00,185.00,159.00,151.00,60.00,36.00,0.00,0.00,0.00,0.00,0.00,0.00,0.00,0.00,0.00,0.00,0.00,0.00,0.00,0.00,0.00,0.00,
0.00,0.00,0.00,0.00,0.00,0.00,222.00,254.00,254.00,254.00,254.00,241.00,198.00,198.00,198.00,198.00,198.00,198.00,198.00,198.00,170.00,52.00,0.00,0.00,0.00,0.00,0.00,0.00,
0.00,0.00,0.00,0.00,0.00,0.00,67.00,114.00,72.00,114.00,163.00,227.00,254.00,225.00,254.00,254.00,254.00,250.00,229.00,254.00,254.00,140.00,0.00,0.00,0.00,0.00,0.00,0.00,
0.00,0.00,0.00,0.00,0.00,0.00,0.00,0.00,0.00,0.00,0.00,17.00,66.00,14.00,67.00,67.00,67.00,59.00,21.00,236.00,254.00,106.00,0.00,0.00,0.00,0.00,0.00,0.00,
0.00,0.00,0.00,0.00,0.00,0.00,0.00,0.00,0.00,0.00,0.00,0.00,0.00,0.00,0.00,0.00,0.00,0.00,83.00,253.00,209.00,18.00,0.00,0.00,0.00,0.00,0.00,0.00,
0.00,0.00,0.00,0.00,0.00,0.00,0.00,0.00,0.00,0.00,0.00,0.00,0.00,0.00,0.00,0.00,0.00,22.00,233.00,255.00,83.00,0.00,0.00,0.00,0.00,0.00,0.00,0.00,
0.00,0.00,0.00,0.00,0.00,0.00,0.00,0.00,0.00,0.00,0.00,0.00,0.00,0.00,0.00,0.00,0.00,129.00,254.00,238.00,44.00,0.00,0.00,0.00,0.00,0.00,0.00,0.00,
0.00,0.00,0.00,0.00,0.00,0.00,0.00,0.00,0.00,0.00,0.00,0.00,0.00,0.00,0.00,0.00,59.00,249.00,254.00,62.00,0.00,0.00,0.00,0.00,0.00,0.00,0.00,0.00,
0.00,0.00,0.00,0.00,0.00,0.00,0.00,0.00,0.00,0.00,0.00,0.00,0.00,0.00,0.00,0.00,133.00,254.00,187.00,5.00,0.00,0.00,0.00,0.00,0.00,0.00,0.00,0.00,
0.00,0.00,0.00,0.00,0.00,0.00,0.00,0.00,0.00,0.00,0.00,0.00,0.00,0.00,0.00,9.00,205.00,248.00,58.00,0.00,0.00,0.00,0.00,0.00,0.00,0.00,0.00,0.00,
0.00,0.00,0.00,0.00,0.00,0.00,0.00,0.00,0.00,0.00,0.00,0.00,0.00,0.00,0.00,126.00,254.00,182.00,0.00,0.00,0.00,0.00,0.00,0.00,0.00,0.00,0.00,0.00,
0.00,0.00,0.00,0.00,0.00,0.00,0.00,0.00,0.00,0.00,0.00,0.00,0.00,0.00,75.00,251.00,240.00,57.00,0.00,0.00,0.00,0.00,0.00,0.00,0.00,0.00,0.00,0.00,
0.00,0.00,0.00,0.00,0.00,0.00,0.00,0.00,0.00,0.00,0.00,0.00,0.00,19.00,221.00,254.00,166.00,0.00,0.00,0.00,0.00,0.00,0.00,0.00,0.00,0.00,0.00,0.00,
0.00,0.00,0.00,0.00,0.00,0.00,0.00,0.00,0.00,0.00,0.00,0.00,3.00,203.00,254.00,219.00,35.00,0.00,0.00,0.00,0.00,0.00,0.00,0.00,0.00,0.00,0.00,0.00,
0.00,0.00,0.00,0.00,0.00,0.00,0.00,0.00,0.00,0.00,0.00,0.00,38.00,254.00,254.00,77.00,0.00,0.00,0.00,0.00,0.00,0.00,0.00,0.00,0.00,0.00,0.00,0.00,
0.00,0.00,0.00,0.00,0.00,0.00,0.00,0.00,0.00,0.00,0.00,31.00,224.00,254.00,115.00,1.00,0.00,0.00,0.00,0.00,0.00,0.00,0.00,0.00,0.00,0.00,0.00,0.00,
0.00,0.00,0.00,0.00,0.00,0.00,0.00,0.00,0.00,0.00,0.00,133.00,254.00,254.00,52.00,0.00,0.00,0.00,0.00,0.00,0.00,0.00,0.00,0.00,0.00,0.00,0.00,0.00,
0.00,0.00,0.00,0.00,0.00,0.00,0.00,0.00,0.00,0.00,61.00,242.00,254.00,254.00,52.00,0.00,0.00,0.00,0.00,0.00,0.00,0.00,0.00,0.00,0.00,0.00,0.00,0.00,
0.00,0.00,0.00,0.00,0.00,0.00,0.00,0.00,0.00,0.00,121.00,254.00,254.00,219.00,40.00,0.00,0.00,0.00,0.00,0.00,0.00,0.00,0.00,0.00,0.00,0.00,0.00,0.00,
0.00,0.00,0.00,0.00,0.00,0.00,0.00,0.00,0.00,0.00,121.00,254.00,207.00,18.00,0.00,0.00,0.00,0.00,0.00,0.00,0.00,0.00,0.00,0.00,0.00,0.00,0.00,0.00,
0.00,0.00,0.00,0.00,0.00,0.00,0.00,0.00,0.00,0.00,0.00,0.00,0.00,0.00,0.00,0.00,0.00,0.00,0.00,0.00,0.00,0.00,0.00,0.00,0.00,0.00,0.00,0.00,


------------------------------------------
Output: 


0.00,0.00,0.00,0.00,0.00,0.00,0.00,0.00,0.00,0.00,0.00,0.00,0.00,0.00,0.00,0.00,0.00,0.00,0.00,0.00,0.00,0.00,0.00,0.00,0.00,0.00,0.00,0.00,
0.00,0.00,0.00,0.00,0.00,0.00,0.00,0.00,0.00,0.00,0.00,0.00,0.00,0.00,0.00,0.00,0.00,0.00,0.00,0.00,0.00,0.00,0.00,0.00,0.00,0.00,0.00,0.00,
0.00,0.00,0.00,0.00,0.00,0.00,0.00,0.00,0.00,0.00,0.00,0.00,0.00,0.00,0.00,0.00,0.00,0.00,0.00,0.00,0.00,0.00,0.00,0.00,0.00,0.00,0.00,0.00,
0.00,0.00,0.00,0.00,0.00,0.00,0.00,0.00,0.00,0.00,0.00,0.00,0.00,0.00,0.00,0.00,0.00,0.00,0.00,0.00,0.00,0.00,0.00,0.00,0.00,0.00,0.00,0.00,
0.00,0.00,0.00,0.00,0.00,0.00,0.00,0.00,0.00,0.00,0.00,0.00,0.00,0.00,0.00,0.00,0.00,0.00,0.00,0.00,0.00,0.00,0.00,0.00,0.00,0.00,0.00,0.00,
0.00,0.00,0.00,0.00,0.00,0.00,0.00,0.00,0.00,0.00,0.00,0.00,0.00,0.00,0.00,0.00,0.00,0.00,0.00,0.00,0.00,0.00,0.00,0.00,0.00,0.00,0.00,0.00,
0.00,0.00,0.00,0.00,0.00,0.00,0.00,0.00,0.00,0.00,0.00,0.00,0.00,0.00,0.00,0.00,0.00,0.00,0.00,0.00,0.00,0.00,0.00,0.00,0.00,0.00,0.00,0.00,
0.00,0.00,0.00,0.00,0.00,0.00,0.33,0.72,0.62,0.59,0.23,0.14,0.00,0.00,0.00,0.00,0.00,0.00,0.00,0.00,0.00,0.00,0.00,0.00,0.00,0.00,0.00,0.00,
0.00,0.00,0.00,0.00,0.00,0.00,0.87,0.99,0.99,0.99,0.99,0.94,0.77,0.77,0.77,0.77,0.77,0.77,0.77,0.77,0.66,0.20,0.00,0.00,0.00,0.00,0.00,0.00,
0.00,0.00,0.00,0.00,0.00,0.00,0.26,0.45,0.28,0.45,0.64,0.89,0.99,0.88,0.99,0.99,0.99,0.98,0.89,0.99,0.99,0.55,0.00,0.00,0.00,0.00,0.00,0.00,
0.00,0.00,0.00,0.00,0.00,0.00,0.00,0.00,0.00,0.00,0.00,0.07,0.26,0.05,0.26,0.26,0.26,0.23,0.08,0.92,0.99,0.41,0.00,0.00,0.00,0.00,0.00,0.00,
0.00,0.00,0.00,0.00,0.00,0.00,0.00,0.00,0.00,0.00,0.00,0.00,0.00,0.00,0.00,0.00,0.00,0.00,0.32,0.99,0.82,0.07,0.00,0.00,0.00,0.00,0.00,0.00,
0.00,0.00,0.00,0.00,0.00,0.00,0.00,0.00,0.00,0.00,0.00,0.00,0.00,0.00,0.00,0.00,0.00,0.09,0.91,1.00,0.32,0.00,0.00,0.00,0.00,0.00,0.00,0.00,
0.00,0.00,0.00,0.00,0.00,0.00,0.00,0.00,0.00,0.00,0.00,0.00,0.00,0.00,0.00,0.00,0.00,0.50,0.99,0.93,0.17,0.00,0.00,0.00,0.00,0.00,0.00,0.00,
0.00,0.00,0.00,0.00,0.00,0.00,0.00,0.00,0.00,0.00,0.00,0.00,0.00,0.00,0.00,0.00,0.23,0.97,0.99,0.24,0.00,0.00,0.00,0.00,0.00,0.00,0.00,0.00,
0.00,0.00,0.00,0.00,0.00,0.00,0.00,0.00,0.00,0.00,0.00,0.00,0.00,0.00,0.00,0.00,0.52,0.99,0.73,0.02,0.00,0.00,0.00,0.00,0.00,0.00,0.00,0.00,
0.00,0.00,0.00,0.00,0.00,0.00,0.00,0.00,0.00,0.00,0.00,0.00,0.00,0.00,0.00,0.04,0.80,0.97,0.23,0.00,0.00,0.00,0.00,0.00,0.00,0.00,0.00,0.00,
0.00,0.00,0.00,0.00,0.00,0.00,0.00,0.00,0.00,0.00,0.00,0.00,0.00,0.00,0.00,0.49,0.99,0.71,0.00,0.00,0.00,0.00,0.00,0.00,0.00,0.00,0.00,0.00,
0.00,0.00,0.00,0.00,0.00,0.00,0.00,0.00,0.00,0.00,0.00,0.00,0.00,0.00,0.29,0.98,0.94,0.22,0.00,0.00,0.00,0.00,0.00,0.00,0.00,0.00,0.00,0.00,
0.00,0.00,0.00,0.00,0.00,0.00,0.00,0.00,0.00,0.00,0.00,0.00,0.00,0.07,0.86,0.99,0.65,0.00,0.00,0.00,0.00,0.00,0.00,0.00,0.00,0.00,0.00,0.00,
0.00,0.00,0.00,0.00,0.00,0.00,0.00,0.00,0.00,0.00,0.00,0.00,0.01,0.79,0.99,0.86,0.14,0.00,0.00,0.00,0.00,0.00,0.00,0.00,0.00,0.00,0.00,0.00,
0.00,0.00,0.00,0.00,0.00,0.00,0.00,0.00,0.00,0.00,0.00,0.00,0.15,0.99,0.99,0.30,0.00,0.00,0.00,0.00,0.00,0.00,0.00,0.00,0.00,0.00,0.00,0.00,
0.00,0.00,0.00,0.00,0.00,0.00,0.00,0.00,0.00,0.00,0.00,0.12,0.88,0.99,0.45,0.00,0.00,0.00,0.00,0.00,0.00,0.00,0.00,0.00,0.00,0.00,0.00,0.00,
0.00,0.00,0.00,0.00,0.00,0.00,0.00,0.00,0.00,0.00,0.00,0.52,0.99,0.99,0.20,0.00,0.00,0.00,0.00,0.00,0.00,0.00,0.00,0.00,0.00,0.00,0.00,0.00,
0.00,0.00,0.00,0.00,0.00,0.00,0.00,0.00,0.00,0.00,0.24,0.95,0.99,0.99,0.20,0.00,0.00,0.00,0.00,0.00,0.00,0.00,0.00,0.00,0.00,0.00,0.00,0.00,
0.00,0.00,0.00,0.00,0.00,0.00,0.00,0.00,0.00,0.00,0.47,0.99,0.99,0.86,0.16,0.00,0.00,0.00,0.00,0.00,0.00,0.00,0.00,0.00,0.00,0.00,0.00,0.00,
0.00,0.00,0.00,0.00,0.00,0.00,0.00,0.00,0.00,0.00,0.47,0.99,0.81,0.07,0.00,0.00,0.00,0.00,0.00,0.00,0.00,0.00,0.00,0.00,0.00,0.00,0.00,0.00,
0.00,0.00,0.00,0.00,0.00,0.00,0.00,0.00,0.00,0.00,0.00,0.00,0.00,0.00,0.00,0.00,0.00,0.00,0.00,0.00,0.00,0.00,0.00,0.00,0.00,0.00,0.00,0.00,


==========================================
INFO:     Forward Pass: Layer Padding
Input: 


0.00,0.00,0.00,0.00,0.00,0.00,0.00,0.00,0.00,0.00,0.00,0.00,0.00,0.00,0.00,0.00,0.00,0.00,0.00,0.00,0.00,0.00,0.00,0.00,0.00,0.00,0.00,0.00,
0.00,0.00,0.00,0.00,0.00,0.00,0.00,0.00,0.00,0.00,0.00,0.00,0.00,0.00,0.00,0.00,0.00,0.00,0.00,0.00,0.00,0.00,0.00,0.00,0.00,0.00,0.00,0.00,
0.00,0.00,0.00,0.00,0.00,0.00,0.00,0.00,0.00,0.00,0.00,0.00,0.00,0.00,0.00,0.00,0.00,0.00,0.00,0.00,0.00,0.00,0.00,0.00,0.00,0.00,0.00,0.00,
0.00,0.00,0.00,0.00,0.00,0.00,0.00,0.00,0.00,0.00,0.00,0.00,0.00,0.00,0.00,0.00,0.00,0.00,0.00,0.00,0.00,0.00,0.00,0.00,0.00,0.00,0.00,0.00,
0.00,0.00,0.00,0.00,0.00,0.00,0.00,0.00,0.00,0.00,0.00,0.00,0.00,0.00,0.00,0.00,0.00,0.00,0.00,0.00,0.00,0.00,0.00,0.00,0.00,0.00,0.00,0.00,
0.00,0.00,0.00,0.00,0.00,0.00,0.00,0.00,0.00,0.00,0.00,0.00,0.00,0.00,0.00,0.00,0.00,0.00,0.00,0.00,0.00,0.00,0.00,0.00,0.00,0.00,0.00,0.00,
0.00,0.00,0.00,0.00,0.00,0.00,0.00,0.00,0.00,0.00,0.00,0.00,0.00,0.00,0.00,0.00,0.00,0.00,0.00,0.00,0.00,0.00,0.00,0.00,0.00,0.00,0.00,0.00,
0.00,0.00,0.00,0.00,0.00,0.00,0.33,0.72,0.62,0.59,0.23,0.14,0.00,0.00,0.00,0.00,0.00,0.00,0.00,0.00,0.00,0.00,0.00,0.00,0.00,0.00,0.00,0.00,
0.00,0.00,0.00,0.00,0.00,0.00,0.87,0.99,0.99,0.99,0.99,0.94,0.77,0.77,0.77,0.77,0.77,0.77,0.77,0.77,0.66,0.20,0.00,0.00,0.00,0.00,0.00,0.00,
0.00,0.00,0.00,0.00,0.00,0.00,0.26,0.45,0.28,0.45,0.64,0.89,0.99,0.88,0.99,0.99,0.99,0.98,0.89,0.99,0.99,0.55,0.00,0.00,0.00,0.00,0.00,0.00,
0.00,0.00,0.00,0.00,0.00,0.00,0.00,0.00,0.00,0.00,0.00,0.07,0.26,0.05,0.26,0.26,0.26,0.23,0.08,0.92,0.99,0.41,0.00,0.00,0.00,0.00,0.00,0.00,
0.00,0.00,0.00,0.00,0.00,0.00,0.00,0.00,0.00,0.00,0.00,0.00,0.00,0.00,0.00,0.00,0.00,0.00,0.32,0.99,0.82,0.07,0.00,0.00,0.00,0.00,0.00,0.00,
0.00,0.00,0.00,0.00,0.00,0.00,0.00,0.00,0.00,0.00,0.00,0.00,0.00,0.00,0.00,0.00,0.00,0.09,0.91,1.00,0.32,0.00,0.00,0.00,0.00,0.00,0.00,0.00,
0.00,0.00,0.00,0.00,0.00,0.00,0.00,0.00,0.00,0.00,0.00,0.00,0.00,0.00,0.00,0.00,0.00,0.50,0.99,0.93,0.17,0.00,0.00,0.00,0.00,0.00,0.00,0.00,
0.00,0.00,0.00,0.00,0.00,0.00,0.00,0.00,0.00,0.00,0.00,0.00,0.00,0.00,0.00,0.00,0.23,0.97,0.99,0.24,0.00,0.00,0.00,0.00,0.00,0.00,0.00,0.00,
0.00,0.00,0.00,0.00,0.00,0.00,0.00,0.00,0.00,0.00,0.00,0.00,0.00,0.00,0.00,0.00,0.52,0.99,0.73,0.02,0.00,0.00,0.00,0.00,0.00,0.00,0.00,0.00,
0.00,0.00,0.00,0.00,0.00,0.00,0.00,0.00,0.00,0.00,0.00,0.00,0.00,0.00,0.00,0.04,0.80,0.97,0.23,0.00,0.00,0.00,0.00,0.00,0.00,0.00,0.00,0.00,
0.00,0.00,0.00,0.00,0.00,0.00,0.00,0.00,0.00,0.00,0.00,0.00,0.00,0.00,0.00,0.49,0.99,0.71,0.00,0.00,0.00,0.00,0.00,0.00,0.00,0.00,0.00,0.00,
0.00,0.00,0.00,0.00,0.00,0.00,0.00,0.00,0.00,0.00,0.00,0.00,0.00,0.00,0.29,0.98,0.94,0.22,0.00,0.00,0.00,0.00,0.00,0.00,0.00,0.00,0.00,0.00,
0.00,0.00,0.00,0.00,0.00,0.00,0.00,0.00,0.00,0.00,0.00,0.00,0.00,0.07,0.86,0.99,0.65,0.00,0.00,0.00,0.00,0.00,0.00,0.00,0.00,0.00,0.00,0.00,
0.00,0.00,0.00,0.00,0.00,0.00,0.00,0.00,0.00,0.00,0.00,0.00,0.01,0.79,0.99,0.86,0.14,0.00,0.00,0.00,0.00,0.00,0.00,0.00,0.00,0.00,0.00,0.00,
0.00,0.00,0.00,0.00,0.00,0.00,0.00,0.00,0.00,0.00,0.00,0.00,0.15,0.99,0.99,0.30,0.00,0.00,0.00,0.00,0.00,0.00,0.00,0.00,0.00,0.00,0.00,0.00,
0.00,0.00,0.00,0.00,0.00,0.00,0.00,0.00,0.00,0.00,0.00,0.12,0.88,0.99,0.45,0.00,0.00,0.00,0.00,0.00,0.00,0.00,0.00,0.00,0.00,0.00,0.00,0.00,
0.00,0.00,0.00,0.00,0.00,0.00,0.00,0.00,0.00,0.00,0.00,0.52,0.99,0.99,0.20,0.00,0.00,0.00,0.00,0.00,0.00,0.00,0.00,0.00,0.00,0.00,0.00,0.00,
0.00,0.00,0.00,0.00,0.00,0.00,0.00,0.00,0.00,0.00,0.24,0.95,0.99,0.99,0.20,0.00,0.00,0.00,0.00,0.00,0.00,0.00,0.00,0.00,0.00,0.00,0.00,0.00,
0.00,0.00,0.00,0.00,0.00,0.00,0.00,0.00,0.00,0.00,0.47,0.99,0.99,0.86,0.16,0.00,0.00,0.00,0.00,0.00,0.00,0.00,0.00,0.00,0.00,0.00,0.00,0.00,
0.00,0.00,0.00,0.00,0.00,0.00,0.00,0.00,0.00,0.00,0.47,0.99,0.81,0.07,0.00,0.00,0.00,0.00,0.00,0.00,0.00,0.00,0.00,0.00,0.00,0.00,0.00,0.00,
0.00,0.00,0.00,0.00,0.00,0.00,0.00,0.00,0.00,0.00,0.00,0.00,0.00,0.00,0.00,0.00,0.00,0.00,0.00,0.00,0.00,0.00,0.00,0.00,0.00,0.00,0.00,0.00,


------------------------------------------
Output: 


0.00,0.00,0.00,0.00,0.00,0.00,0.00,0.00,0.00,0.00,0.00,0.00,0.00,0.00,0.00,0.00,0.00,0.00,0.00,0.00,0.00,0.00,0.00,0.00,0.00,0.00,0.00,0.00,0.00,0.00,0.00,0.00,
0.00,0.00,0.00,0.00,0.00,0.00,0.00,0.00,0.00,0.00,0.00,0.00,0.00,0.00,0.00,0.00,0.00,0.00,0.00,0.00,0.00,0.00,0.00,0.00,0.00,0.00,0.00,0.00,0.00,0.00,0.00,0.00,
0.00,0.00,0.00,0.00,0.00,0.00,0.00,0.00,0.00,0.00,0.00,0.00,0.00,0.00,0.00,0.00,0.00,0.00,0.00,0.00,0.00,0.00,0.00,0.00,0.00,0.00,0.00,0.00,0.00,0.00,0.00,0.00,
0.00,0.00,0.00,0.00,0.00,0.00,0.00,0.00,0.00,0.00,0.00,0.00,0.00,0.00,0.00,0.00,0.00,0.00,0.00,0.00,0.00,0.00,0.00,0.00,0.00,0.00,0.00,0.00,0.00,0.00,0.00,0.00,
0.00,0.00,0.00,0.00,0.00,0.00,0.00,0.00,0.00,0.00,0.00,0.00,0.00,0.00,0.00,0.00,0.00,0.00,0.00,0.00,0.00,0.00,0.00,0.00,0.00,0.00,0.00,0.00,0.00,0.00,0.00,0.00,
0.00,0.00,0.00,0.00,0.00,0.00,0.00,0.00,0.00,0.00,0.00,0.00,0.00,0.00,0.00,0.00,0.00,0.00,0.00,0.00,0.00,0.00,0.00,0.00,0.00,0.00,0.00,0.00,0.00,0.00,0.00,0.00,
0.00,0.00,0.00,0.00,0.00,0.00,0.00,0.00,0.00,0.00,0.00,0.00,0.00,0.00,0.00,0.00,0.00,0.00,0.00,0.00,0.00,0.00,0.00,0.00,0.00,0.00,0.00,0.00,0.00,0.00,0.00,0.00,
0.00,0.00,0.00,0.00,0.00,0.00,0.00,0.00,0.00,0.00,0.00,0.00,0.00,0.00,0.00,0.00,0.00,0.00,0.00,0.00,0.00,0.00,0.00,0.00,0.00,0.00,0.00,0.00,0.00,0.00,0.00,0.00,
0.00,0.00,0.00,0.00,0.00,0.00,0.00,0.00,0.00,0.00,0.00,0.00,0.00,0.00,0.00,0.00,0.00,0.00,0.00,0.00,0.00,0.00,0.00,0.00,0.00,0.00,0.00,0.00,0.00,0.00,0.00,0.00,
0.00,0.00,0.00,0.00,0.00,0.00,0.00,0.00,0.33,0.72,0.62,0.59,0.23,0.14,0.00,0.00,0.00,0.00,0.00,0.00,0.00,0.00,0.00,0.00,0.00,0.00,0.00,0.00,0.00,0.00,0.00,0.00,
0.00,0.00,0.00,0.00,0.00,0.00,0.00,0.00,0.87,0.99,0.99,0.99,0.99,0.94,0.77,0.77,0.77,0.77,0.77,0.77,0.77,0.77,0.66,0.20,0.00,0.00,0.00,0.00,0.00,0.00,0.00,0.00,
0.00,0.00,0.00,0.00,0.00,0.00,0.00,0.00,0.26,0.45,0.28,0.45,0.64,0.89,0.99,0.88,0.99,0.99,0.99,0.98,0.89,0.99,0.99,0.55,0.00,0.00,0.00,0.00,0.00,0.00,0.00,0.00,
0.00,0.00,0.00,0.00,0.00,0.00,0.00,0.00,0.00,0.00,0.00,0.00,0.00,0.07,0.26,0.05,0.26,0.26,0.26,0.23,0.08,0.92,0.99,0.41,0.00,0.00,0.00,0.00,0.00,0.00,0.00,0.00,
0.00,0.00,0.00,0.00,0.00,0.00,0.00,0.00,0.00,0.00,0.00,0.00,0.00,0.00,0.00,0.00,0.00,0.00,0.00,0.00,0.32,0.99,0.82,0.07,0.00,0.00,0.00,0.00,0.00,0.00,0.00,0.00,
0.00,0.00,0.00,0.00,0.00,0.00,0.00,0.00,0.00,0.00,0.00,0.00,0.00,0.00,0.00,0.00,0.00,0.00,0.00,0.09,0.91,1.00,0.32,0.00,0.00,0.00,0.00,0.00,0.00,0.00,0.00,0.00,
0.00,0.00,0.00,0.00,0.00,0.00,0.00,0.00,0.00,0.00,0.00,0.00,0.00,0.00,0.00,0.00,0.00,0.00,0.00,0.50,0.99,0.93,0.17,0.00,0.00,0.00,0.00,0.00,0.00,0.00,0.00,0.00,
0.00,0.00,0.00,0.00,0.00,0.00,0.00,0.00,0.00,0.00,0.00,0.00,0.00,0.00,0.00,0.00,0.00,0.00,0.23,0.97,0.99,0.24,0.00,0.00,0.00,0.00,0.00,0.00,0.00,0.00,0.00,0.00,
0.00,0.00,0.00,0.00,0.00,0.00,0.00,0.00,0.00,0.00,0.00,0.00,0.00,0.00,0.00,0.00,0.00,0.00,0.52,0.99,0.73,0.02,0.00,0.00,0.00,0.00,0.00,0.00,0.00,0.00,0.00,0.00,
0.00,0.00,0.00,0.00,0.00,0.00,0.00,0.00,0.00,0.00,0.00,0.00,0.00,0.00,0.00,0.00,0.00,0.04,0.80,0.97,0.23,0.00,0.00,0.00,0.00,0.00,0.00,0.00,0.00,0.00,0.00,0.00,
0.00,0.00,0.00,0.00,0.00,0.00,0.00,0.00,0.00,0.00,0.00,0.00,0.00,0.00,0.00,0.00,0.00,0.49,0.99,0.71,0.00,0.00,0.00,0.00,0.00,0.00,0.00,0.00,0.00,0.00,0.00,0.00,
0.00,0.00,0.00,0.00,0.00,0.00,0.00,0.00,0.00,0.00,0.00,0.00,0.00,0.00,0.00,0.00,0.29,0.98,0.94,0.22,0.00,0.00,0.00,0.00,0.00,0.00,0.00,0.00,0.00,0.00,0.00,0.00,
0.00,0.00,0.00,0.00,0.00,0.00,0.00,0.00,0.00,0.00,0.00,0.00,0.00,0.00,0.00,0.07,0.86,0.99,0.65,0.00,0.00,0.00,0.00,0.00,0.00,0.00,0.00,0.00,0.00,0.00,0.00,0.00,
0.00,0.00,0.00,0.00,0.00,0.00,0.00,0.00,0.00,0.00,0.00,0.00,0.00,0.00,0.01,0.79,0.99,0.86,0.14,0.00,0.00,0.00,0.00,0.00,0.00,0.00,0.00,0.00,0.00,0.00,0.00,0.00,
0.00,0.00,0.00,0.00,0.00,0.00,0.00,0.00,0.00,0.00,0.00,0.00,0.00,0.00,0.15,0.99,0.99,0.30,0.00,0.00,0.00,0.00,0.00,0.00,0.00,0.00,0.00,0.00,0.00,0.00,0.00,0.00,
0.00,0.00,0.00,0.00,0.00,0.00,0.00,0.00,0.00,0.00,0.00,0.00,0.00,0.12,0.88,0.99,0.45,0.00,0.00,0.00,0.00,0.00,0.00,0.00,0.00,0.00,0.00,0.00,0.00,0.00,0.00,0.00,
0.00,0.00,0.00,0.00,0.00,0.00,0.00,0.00,0.00,0.00,0.00,0.00,0.00,0.52,0.99,0.99,0.20,0.00,0.00,0.00,0.00,0.00,0.00,0.00,0.00,0.00,0.00,0.00,0.00,0.00,0.00,0.00,
0.00,0.00,0.00,0.00,0.00,0.00,0.00,0.00,0.00,0.00,0.00,0.00,0.24,0.95,0.99,0.99,0.20,0.00,0.00,0.00,0.00,0.00,0.00,0.00,0.00,0.00,0.00,0.00,0.00,0.00,0.00,0.00,
0.00,0.00,0.00,0.00,0.00,0.00,0.00,0.00,0.00,0.00,0.00,0.00,0.47,0.99,0.99,0.86,0.16,0.00,0.00,0.00,0.00,0.00,0.00,0.00,0.00,0.00,0.00,0.00,0.00,0.00,0.00,0.00,
0.00,0.00,0.00,0.00,0.00,0.00,0.00,0.00,0.00,0.00,0.00,0.00,0.47,0.99,0.81,0.07,0.00,0.00,0.00,0.00,0.00,0.00,0.00,0.00,0.00,0.00,0.00,0.00,0.00,0.00,0.00,0.00,
0.00,0.00,0.00,0.00,0.00,0.00,0.00,0.00,0.00,0.00,0.00,0.00,0.00,0.00,0.00,0.00,0.00,0.00,0.00,0.00,0.00,0.00,0.00,0.00,0.00,0.00,0.00,0.00,0.00,0.00,0.00,0.00,
0.00,0.00,0.00,0.00,0.00,0.00,0.00,0.00,0.00,0.00,0.00,0.00,0.00,0.00,0.00,0.00,0.00,0.00,0.00,0.00,0.00,0.00,0.00,0.00,0.00,0.00,0.00,0.00,0.00,0.00,0.00,0.00,
0.00,0.00,0.00,0.00,0.00,0.00,0.00,0.00,0.00,0.00,0.00,0.00,0.00,0.00,0.00,0.00,0.00,0.00,0.00,0.00,0.00,0.00,0.00,0.00,0.00,0.00,0.00,0.00,0.00,0.00,0.00,0.00,


==========================================
INFO:     Forward Pass: Layer Convolution:conv1 - Kernel [5,5], Pad 2, Stride 1, Dilation 1 - Output Information: channel 20, width 28, height 28
Input: 


0.00,0.00,0.00,0.00,0.00,0.00,0.00,0.00,0.00,0.00,0.00,0.00,0.00,0.00,0.00,0.00,0.00,0.00,0.00,0.00,0.00,0.00,0.00,0.00,0.00,0.00,0.00,0.00,0.00,0.00,0.00,0.00,
0.00,0.00,0.00,0.00,0.00,0.00,0.00,0.00,0.00,0.00,0.00,0.00,0.00,0.00,0.00,0.00,0.00,0.00,0.00,0.00,0.00,0.00,0.00,0.00,0.00,0.00,0.00,0.00,0.00,0.00,0.00,0.00,
0.00,0.00,0.00,0.00,0.00,0.00,0.00,0.00,0.00,0.00,0.00,0.00,0.00,0.00,0.00,0.00,0.00,0.00,0.00,0.00,0.00,0.00,0.00,0.00,0.00,0.00,0.00,0.00,0.00,0.00,0.00,0.00,
0.00,0.00,0.00,0.00,0.00,0.00,0.00,0.00,0.00,0.00,0.00,0.00,0.00,0.00,0.00,0.00,0.00,0.00,0.00,0.00,0.00,0.00,0.00,0.00,0.00,0.00,0.00,0.00,0.00,0.00,0.00,0.00,
0.00,0.00,0.00,0.00,0.00,0.00,0.00,0.00,0.00,0.00,0.00,0.00,0.00,0.00,0.00,0.00,0.00,0.00,0.00,0.00,0.00,0.00,0.00,0.00,0.00,0.00,0.00,0.00,0.00,0.00,0.00,0.00,
0.00,0.00,0.00,0.00,0.00,0.00,0.00,0.00,0.00,0.00,0.00,0.00,0.00,0.00,0.00,0.00,0.00,0.00,0.00,0.00,0.00,0.00,0.00,0.00,0.00,0.00,0.00,0.00,0.00,0.00,0.00,0.00,
0.00,0.00,0.00,0.00,0.00,0.00,0.00,0.00,0.00,0.00,0.00,0.00,0.00,0.00,0.00,0.00,0.00,0.00,0.00,0.00,0.00,0.00,0.00,0.00,0.00,0.00,0.00,0.00,0.00,0.00,0.00,0.00,
0.00,0.00,0.00,0.00,0.00,0.00,0.00,0.00,0.00,0.00,0.00,0.00,0.00,0.00,0.00,0.00,0.00,0.00,0.00,0.00,0.00,0.00,0.00,0.00,0.00,0.00,0.00,0.00,0.00,0.00,0.00,0.00,
0.00,0.00,0.00,0.00,0.00,0.00,0.00,0.00,0.00,0.00,0.00,0.00,0.00,0.00,0.00,0.00,0.00,0.00,0.00,0.00,0.00,0.00,0.00,0.00,0.00,0.00,0.00,0.00,0.00,0.00,0.00,0.00,
0.00,0.00,0.00,0.00,0.00,0.00,0.00,0.00,0.33,0.72,0.62,0.59,0.23,0.14,0.00,0.00,0.00,0.00,0.00,0.00,0.00,0.00,0.00,0.00,0.00,0.00,0.00,0.00,0.00,0.00,0.00,0.00,
0.00,0.00,0.00,0.00,0.00,0.00,0.00,0.00,0.87,0.99,0.99,0.99,0.99,0.94,0.77,0.77,0.77,0.77,0.77,0.77,0.77,0.77,0.66,0.20,0.00,0.00,0.00,0.00,0.00,0.00,0.00,0.00,
0.00,0.00,0.00,0.00,0.00,0.00,0.00,0.00,0.26,0.45,0.28,0.45,0.64,0.89,0.99,0.88,0.99,0.99,0.99,0.98,0.89,0.99,0.99,0.55,0.00,0.00,0.00,0.00,0.00,0.00,0.00,0.00,
0.00,0.00,0.00,0.00,0.00,0.00,0.00,0.00,0.00,0.00,0.00,0.00,0.00,0.07,0.26,0.05,0.26,0.26,0.26,0.23,0.08,0.92,0.99,0.41,0.00,0.00,0.00,0.00,0.00,0.00,0.00,0.00,
0.00,0.00,0.00,0.00,0.00,0.00,0.00,0.00,0.00,0.00,0.00,0.00,0.00,0.00,0.00,0.00,0.00,0.00,0.00,0.00,0.32,0.99,0.82,0.07,0.00,0.00,0.00,0.00,0.00,0.00,0.00,0.00,
0.00,0.00,0.00,0.00,0.00,0.00,0.00,0.00,0.00,0.00,0.00,0.00,0.00,0.00,0.00,0.00,0.00,0.00,0.00,0.09,0.91,1.00,0.32,0.00,0.00,0.00,0.00,0.00,0.00,0.00,0.00,0.00,
0.00,0.00,0.00,0.00,0.00,0.00,0.00,0.00,0.00,0.00,0.00,0.00,0.00,0.00,0.00,0.00,0.00,0.00,0.00,0.50,0.99,0.93,0.17,0.00,0.00,0.00,0.00,0.00,0.00,0.00,0.00,0.00,
0.00,0.00,0.00,0.00,0.00,0.00,0.00,0.00,0.00,0.00,0.00,0.00,0.00,0.00,0.00,0.00,0.00,0.00,0.23,0.97,0.99,0.24,0.00,0.00,0.00,0.00,0.00,0.00,0.00,0.00,0.00,0.00,
0.00,0.00,0.00,0.00,0.00,0.00,0.00,0.00,0.00,0.00,0.00,0.00,0.00,0.00,0.00,0.00,0.00,0.00,0.52,0.99,0.73,0.02,0.00,0.00,0.00,0.00,0.00,0.00,0.00,0.00,0.00,0.00,
0.00,0.00,0.00,0.00,0.00,0.00,0.00,0.00,0.00,0.00,0.00,0.00,0.00,0.00,0.00,0.00,0.00,0.04,0.80,0.97,0.23,0.00,0.00,0.00,0.00,0.00,0.00,0.00,0.00,0.00,0.00,0.00,
0.00,0.00,0.00,0.00,0.00,0.00,0.00,0.00,0.00,0.00,0.00,0.00,0.00,0.00,0.00,0.00,0.00,0.49,0.99,0.71,0.00,0.00,0.00,0.00,0.00,0.00,0.00,0.00,0.00,0.00,0.00,0.00,
0.00,0.00,0.00,0.00,0.00,0.00,0.00,0.00,0.00,0.00,0.00,0.00,0.00,0.00,0.00,0.00,0.29,0.98,0.94,0.22,0.00,0.00,0.00,0.00,0.00,0.00,0.00,0.00,0.00,0.00,0.00,0.00,
0.00,0.00,0.00,0.00,0.00,0.00,0.00,0.00,0.00,0.00,0.00,0.00,0.00,0.00,0.00,0.07,0.86,0.99,0.65,0.00,0.00,0.00,0.00,0.00,0.00,0.00,0.00,0.00,0.00,0.00,0.00,0.00,
0.00,0.00,0.00,0.00,0.00,0.00,0.00,0.00,0.00,0.00,0.00,0.00,0.00,0.00,0.01,0.79,0.99,0.86,0.14,0.00,0.00,0.00,0.00,0.00,0.00,0.00,0.00,0.00,0.00,0.00,0.00,0.00,
0.00,0.00,0.00,0.00,0.00,0.00,0.00,0.00,0.00,0.00,0.00,0.00,0.00,0.00,0.15,0.99,0.99,0.30,0.00,0.00,0.00,0.00,0.00,0.00,0.00,0.00,0.00,0.00,0.00,0.00,0.00,0.00,
0.00,0.00,0.00,0.00,0.00,0.00,0.00,0.00,0.00,0.00,0.00,0.00,0.00,0.12,0.88,0.99,0.45,0.00,0.00,0.00,0.00,0.00,0.00,0.00,0.00,0.00,0.00,0.00,0.00,0.00,0.00,0.00,
0.00,0.00,0.00,0.00,0.00,0.00,0.00,0.00,0.00,0.00,0.00,0.00,0.00,0.52,0.99,0.99,0.20,0.00,0.00,0.00,0.00,0.00,0.00,0.00,0.00,0.00,0.00,0.00,0.00,0.00,0.00,0.00,
0.00,0.00,0.00,0.00,0.00,0.00,0.00,0.00,0.00,0.00,0.00,0.00,0.24,0.95,0.99,0.99,0.20,0.00,0.00,0.00,0.00,0.00,0.00,0.00,0.00,0.00,0.00,0.00,0.00,0.00,0.00,0.00,
0.00,0.00,0.00,0.00,0.00,0.00,0.00,0.00,0.00,0.00,0.00,0.00,0.47,0.99,0.99,0.86,0.16,0.00,0.00,0.00,0.00,0.00,0.00,0.00,0.00,0.00,0.00,0.00,0.00,0.00,0.00,0.00,
0.00,0.00,0.00,0.00,0.00,0.00,0.00,0.00,0.00,0.00,0.00,0.00,0.47,0.99,0.81,0.07,0.00,0.00,0.00,0.00,0.00,0.00,0.00,0.00,0.00,0.00,0.00,0.00,0.00,0.00,0.00,0.00,
0.00,0.00,0.00,0.00,0.00,0.00,0.00,0.00,0.00,0.00,0.00,0.00,0.00,0.00,0.00,0.00,0.00,0.00,0.00,0.00,0.00,0.00,0.00,0.00,0.00,0.00,0.00,0.00,0.00,0.00,0.00,0.00,
0.00,0.00,0.00,0.00,0.00,0.00,0.00,0.00,0.00,0.00,0.00,0.00,0.00,0.00,0.00,0.00,0.00,0.00,0.00,0.00,0.00,0.00,0.00,0.00,0.00,0.00,0.00,0.00,0.00,0.00,0.00,0.00,
0.00,0.00,0.00,0.00,0.00,0.00,0.00,0.00,0.00,0.00,0.00,0.00,0.00,0.00,0.00,0.00,0.00,0.00,0.00,0.00,0.00,0.00,0.00,0.00,0.00,0.00,0.00,0.00,0.00,0.00,0.00,0.00,


------------------------------------------
Output: 


0.11,0.11,0.11,0.11,0.11,0.11,0.11,0.11,0.11,0.11,0.11,0.11,0.11,0.11,0.11,0.11,0.11,0.11,0.11,0.11,0.11,0.11,0.11,0.11,0.11,0.11,0.11,0.11,
0.11,0.11,0.11,0.11,0.11,0.11,0.11,0.11,0.11,0.11,0.11,0.11,0.11,0.11,0.11,0.11,0.11,0.11,0.11,0.11,0.11,0.11,0.11,0.11,0.11,0.11,0.11,0.11,
0.11,0.11,0.11,0.11,0.11,0.11,0.11,0.11,0.11,0.11,0.11,0.11,0.11,0.11,0.11,0.11,0.11,0.11,0.11,0.11,0.11,0.11,0.11,0.11,0.11,0.11,0.11,0.11,
0.11,0.11,0.11,0.11,0.11,0.11,0.11,0.11,0.11,0.11,0.11,0.11,0.11,0.11,0.11,0.11,0.11,0.11,0.11,0.11,0.11,0.11,0.11,0.11,0.11,0.11,0.11,0.11,
0.11,0.11,0.11,0.11,0.11,0.11,0.11,0.11,0.11,0.11,0.11,0.11,0.11,0.11,0.11,0.11,0.11,0.11,0.11,0.11,0.11,0.11,0.11,0.11,0.11,0.11,0.11,0.11,
0.11,0.11,0.11,0.11,0.19,0.25,0.21,0.16,0.06,0.19,0.12,0.21,0.14,0.15,0.11,0.11,0.11,0.11,0.11,0.11,0.11,0.11,0.11,0.11,0.11,0.11,0.11,0.11,
0.11,0.11,0.11,0.11,0.24,0.06,0.02,-0.22,0.03,0.03,0.13,0.16,0.25,0.29,0.27,0.27,0.27,0.27,0.25,0.15,0.14,0.16,0.23,0.16,0.11,0.11,0.11,0.11,
0.11,0.11,0.11,0.11,-0.10,-0.19,-0.37,-0.52,-0.70,-0.68,-0.59,-0.52,-0.35,-0.28,-0.17,-0.22,-0.21,-0.18,-0.17,-0.13,-0.15,0.01,0.12,0.21,0.11,0.11,0.11,0.11,
0.11,0.11,0.11,0.11,-0.15,-0.06,-0.19,-0.50,-0.63,-0.72,-0.71,-0.87,-0.89,-0.94,-0.89,-0.96,-0.94,-0.74,-0.79,-0.70,-0.82,-0.44,-0.05,0.08,0.11,0.11,0.11,0.11,
0.11,0.11,0.11,0.11,-0.11,-0.13,-0.21,-0.45,-0.26,-0.25,-0.18,-0.23,-0.38,-0.37,-0.49,-0.44,-0.37,-0.46,-0.55,-0.66,-0.51,-0.40,-0.02,0.01,0.11,0.11,0.11,0.11,
0.11,0.11,0.11,0.11,-0.11,-0.23,-0.38,-0.44,-0.50,-0.49,-0.49,-0.35,-0.45,-0.34,-0.33,-0.34,-0.21,-0.67,-0.63,-0.58,-0.44,-0.29,-0.09,0.12,0.11,0.11,0.11,0.11,
0.11,0.11,0.11,0.11,0.05,-0.01,-0.05,-0.10,-0.16,-0.30,-0.38,-0.39,-0.50,-0.48,-0.48,-0.41,-0.55,-0.87,-0.92,-0.72,-0.81,-0.29,0.03,0.12,0.11,0.11,0.11,0.11,
0.11,0.11,0.11,0.11,0.11,0.11,0.11,0.11,0.11,0.10,0.05,0.06,-0.00,0.01,-0.00,0.05,-0.34,-0.71,-0.73,-0.84,-0.53,-0.22,0.08,0.08,0.11,0.11,0.11,0.11,
0.11,0.11,0.11,0.11,0.11,0.11,0.11,0.11,0.11,0.11,0.11,0.11,0.11,0.11,0.18,-0.07,-0.40,-0.68,-0.62,-0.75,-0.33,-0.04,0.05,0.10,0.11,0.11,0.11,0.11,
0.11,0.11,0.11,0.11,0.11,0.11,0.11,0.11,0.11,0.11,0.11,0.11,0.11,0.12,0.13,-0.23,-0.54,-0.70,-0.84,-0.44,-0.16,0.14,0.11,0.11,0.11,0.11,0.11,0.11,
0.11,0.11,0.11,0.11,0.11,0.11,0.11,0.11,0.11,0.11,0.11,0.11,0.11,0.22,-0.03,-0.37,-0.62,-0.67,-0.72,-0.29,0.01,0.05,0.09,0.11,0.11,0.11,0.11,0.11,
0.11,0.11,0.11,0.11,0.11,0.11,0.11,0.11,0.11,0.11,0.11,0.11,0.18,0.19,-0.29,-0.60,-0.61,-0.70,-0.43,-0.13,0.11,0.09,0.11,0.11,0.11,0.11,0.11,0.11,
0.11,0.11,0.11,0.11,0.11,0.11,0.11,0.11,0.11,0.11,0.11,0.13,0.24,-0.10,-0.45,-0.71,-0.56,-0.72,-0.27,0.04,0.07,0.11,0.11,0.11,0.11,0.11,0.11,0.11,
0.11,0.11,0.11,0.11,0.11,0.11,0.11,0.11,0.11,0.11,0.12,0.28,-0.00,-0.25,-0.74,-0.52,-0.77,-0.43,-0.11,0.11,0.08,0.11,0.11,0.11,0.11,0.11,0.11,0.11,
0.11,0.11,0.11,0.11,0.11,0.11,0.11,0.11,0.11,0.11,0.15,0.12,-0.24,-0.54,-0.70,-0.73,-0.62,-0.28,0.06,0.07,0.11,0.11,0.11,0.11,0.11,0.11,0.11,0.11,
0.11,0.11,0.11,0.11,0.11,0.11,0.11,0.11,0.11,0.14,0.27,-0.14,-0.38,-0.78,-0.68,-0.75,-0.42,-0.07,0.11,0.09,0.11,0.11,0.11,0.11,0.11,0.11,0.11,0.11,
0.11,0.11,0.11,0.11,0.11,0.11,0.11,0.11,0.11,0.21,0.04,-0.33,-0.59,-0.59,-0.85,-0.43,-0.18,0.13,0.06,0.11,0.11,0.11,0.11,0.11,0.11,0.11,0.11,0.11,
0.11,0.11,0.11,0.11,0.11,0.11,0.11,0.11,0.17,0.16,-0.18,-0.47,-0.74,-0.86,-0.80,-0.22,0.12,0.07,0.10,0.11,0.11,0.11,0.11,0.11,0.11,0.11,0.11,0.11,
0.11,0.11,0.11,0.11,0.11,0.11,0.11,0.11,0.17,-0.06,-0.29,-0.67,-0.80,-1.00,-0.53,-0.06,0.06,0.08,0.11,0.11,0.11,0.11,0.11,0.11,0.11,0.11,0.11,0.11,
0.11,0.11,0.11,0.11,0.11,0.11,0.11,0.11,0.06,-0.20,-0.48,-1.05,-0.92,-0.86,-0.31,-0.14,0.04,0.11,0.11,0.11,0.11,0.11,0.11,0.11,0.11,0.11,0.11,0.11,
0.11,0.11,0.11,0.11,0.11,0.11,0.11,0.11,-0.12,-0.45,-0.62,-0.88,-0.69,-0.67,-0.39,0.01,0.10,0.11,0.11,0.11,0.11,0.11,0.11,0.11,0.11,0.11,0.11,0.11,
0.11,0.11,0.11,0.11,0.11,0.11,0.11,0.11,-0.09,-0.27,-0.30,-0.58,-0.59,-0.40,0.00,0.16,0.12,0.11,0.11,0.11,0.11,0.11,0.11,0.11,0.11,0.11,0.11,0.11,
0.11,0.11,0.11,0.11,0.11,0.11,0.11,0.11,-0.05,-0.23,-0.31,-0.33,-0.19,0.01,0.14,0.02,0.09,0.11,0.11,0.11,0.11,0.11,0.11,0.11,0.11,0.11,0.11,0.11,


==========================================
INFO:     Forward Pass: Layer ReLU
Input: 


0.11,0.11,0.11,0.11,0.11,0.11,0.11,0.11,0.11,0.11,0.11,0.11,0.11,0.11,0.11,0.11,0.11,0.11,0.11,0.11,0.11,0.11,0.11,0.11,0.11,0.11,0.11,0.11,
0.11,0.11,0.11,0.11,0.11,0.11,0.11,0.11,0.11,0.11,0.11,0.11,0.11,0.11,0.11,0.11,0.11,0.11,0.11,0.11,0.11,0.11,0.11,0.11,0.11,0.11,0.11,0.11,
0.11,0.11,0.11,0.11,0.11,0.11,0.11,0.11,0.11,0.11,0.11,0.11,0.11,0.11,0.11,0.11,0.11,0.11,0.11,0.11,0.11,0.11,0.11,0.11,0.11,0.11,0.11,0.11,
0.11,0.11,0.11,0.11,0.11,0.11,0.11,0.11,0.11,0.11,0.11,0.11,0.11,0.11,0.11,0.11,0.11,0.11,0.11,0.11,0.11,0.11,0.11,0.11,0.11,0.11,0.11,0.11,
0.11,0.11,0.11,0.11,0.11,0.11,0.11,0.11,0.11,0.11,0.11,0.11,0.11,0.11,0.11,0.11,0.11,0.11,0.11,0.11,0.11,0.11,0.11,0.11,0.11,0.11,0.11,0.11,
0.11,0.11,0.11,0.11,0.19,0.25,0.21,0.16,0.06,0.19,0.12,0.21,0.14,0.15,0.11,0.11,0.11,0.11,0.11,0.11,0.11,0.11,0.11,0.11,0.11,0.11,0.11,0.11,
0.11,0.11,0.11,0.11,0.24,0.06,0.02,-0.22,0.03,0.03,0.13,0.16,0.25,0.29,0.27,0.27,0.27,0.27,0.25,0.15,0.14,0.16,0.23,0.16,0.11,0.11,0.11,0.11,
0.11,0.11,0.11,0.11,-0.10,-0.19,-0.37,-0.52,-0.70,-0.68,-0.59,-0.52,-0.35,-0.28,-0.17,-0.22,-0.21,-0.18,-0.17,-0.13,-0.15,0.01,0.12,0.21,0.11,0.11,0.11,0.11,
0.11,0.11,0.11,0.11,-0.15,-0.06,-0.19,-0.50,-0.63,-0.72,-0.71,-0.87,-0.89,-0.94,-0.89,-0.96,-0.94,-0.74,-0.79,-0.70,-0.82,-0.44,-0.05,0.08,0.11,0.11,0.11,0.11,
0.11,0.11,0.11,0.11,-0.11,-0.13,-0.21,-0.45,-0.26,-0.25,-0.18,-0.23,-0.38,-0.37,-0.49,-0.44,-0.37,-0.46,-0.55,-0.66,-0.51,-0.40,-0.02,0.01,0.11,0.11,0.11,0.11,
0.11,0.11,0.11,0.11,-0.11,-0.23,-0.38,-0.44,-0.50,-0.49,-0.49,-0.35,-0.45,-0.34,-0.33,-0.34,-0.21,-0.67,-0.63,-0.58,-0.44,-0.29,-0.09,0.12,0.11,0.11,0.11,0.11,
0.11,0.11,0.11,0.11,0.05,-0.01,-0.05,-0.10,-0.16,-0.30,-0.38,-0.39,-0.50,-0.48,-0.48,-0.41,-0.55,-0.87,-0.92,-0.72,-0.81,-0.29,0.03,0.12,0.11,0.11,0.11,0.11,
0.11,0.11,0.11,0.11,0.11,0.11,0.11,0.11,0.11,0.10,0.05,0.06,-0.00,0.01,-0.00,0.05,-0.34,-0.71,-0.73,-0.84,-0.53,-0.22,0.08,0.08,0.11,0.11,0.11,0.11,
0.11,0.11,0.11,0.11,0.11,0.11,0.11,0.11,0.11,0.11,0.11,0.11,0.11,0.11,0.18,-0.07,-0.40,-0.68,-0.62,-0.75,-0.33,-0.04,0.05,0.10,0.11,0.11,0.11,0.11,
0.11,0.11,0.11,0.11,0.11,0.11,0.11,0.11,0.11,0.11,0.11,0.11,0.11,0.12,0.13,-0.23,-0.54,-0.70,-0.84,-0.44,-0.16,0.14,0.11,0.11,0.11,0.11,0.11,0.11,
0.11,0.11,0.11,0.11,0.11,0.11,0.11,0.11,0.11,0.11,0.11,0.11,0.11,0.22,-0.03,-0.37,-0.62,-0.67,-0.72,-0.29,0.01,0.05,0.09,0.11,0.11,0.11,0.11,0.11,
0.11,0.11,0.11,0.11,0.11,0.11,0.11,0.11,0.11,0.11,0.11,0.11,0.18,0.19,-0.29,-0.60,-0.61,-0.70,-0.43,-0.13,0.11,0.09,0.11,0.11,0.11,0.11,0.11,0.11,
0.11,0.11,0.11,0.11,0.11,0.11,0.11,0.11,0.11,0.11,0.11,0.13,0.24,-0.10,-0.45,-0.71,-0.56,-0.72,-0.27,0.04,0.07,0.11,0.11,0.11,0.11,0.11,0.11,0.11,
0.11,0.11,0.11,0.11,0.11,0.11,0.11,0.11,0.11,0.11,0.12,0.28,-0.00,-0.25,-0.74,-0.52,-0.77,-0.43,-0.11,0.11,0.08,0.11,0.11,0.11,0.11,0.11,0.11,0.11,
0.11,0.11,0.11,0.11,0.11,0.11,0.11,0.11,0.11,0.11,0.15,0.12,-0.24,-0.54,-0.70,-0.73,-0.62,-0.28,0.06,0.07,0.11,0.11,0.11,0.11,0.11,0.11,0.11,0.11,
0.11,0.11,0.11,0.11,0.11,0.11,0.11,0.11,0.11,0.14,0.27,-0.14,-0.38,-0.78,-0.68,-0.75,-0.42,-0.07,0.11,0.09,0.11,0.11,0.11,0.11,0.11,0.11,0.11,0.11,
0.11,0.11,0.11,0.11,0.11,0.11,0.11,0.11,0.11,0.21,0.04,-0.33,-0.59,-0.59,-0.85,-0.43,-0.18,0.13,0.06,0.11,0.11,0.11,0.11,0.11,0.11,0.11,0.11,0.11,
0.11,0.11,0.11,0.11,0.11,0.11,0.11,0.11,0.17,0.16,-0.18,-0.47,-0.74,-0.86,-0.80,-0.22,0.12,0.07,0.10,0.11,0.11,0.11,0.11,0.11,0.11,0.11,0.11,0.11,
0.11,0.11,0.11,0.11,0.11,0.11,0.11,0.11,0.17,-0.06,-0.29,-0.67,-0.80,-1.00,-0.53,-0.06,0.06,0.08,0.11,0.11,0.11,0.11,0.11,0.11,0.11,0.11,0.11,0.11,
0.11,0.11,0.11,0.11,0.11,0.11,0.11,0.11,0.06,-0.20,-0.48,-1.05,-0.92,-0.86,-0.31,-0.14,0.04,0.11,0.11,0.11,0.11,0.11,0.11,0.11,0.11,0.11,0.11,0.11,
0.11,0.11,0.11,0.11,0.11,0.11,0.11,0.11,-0.12,-0.45,-0.62,-0.88,-0.69,-0.67,-0.39,0.01,0.10,0.11,0.11,0.11,0.11,0.11,0.11,0.11,0.11,0.11,0.11,0.11,
0.11,0.11,0.11,0.11,0.11,0.11,0.11,0.11,-0.09,-0.27,-0.30,-0.58,-0.59,-0.40,0.00,0.16,0.12,0.11,0.11,0.11,0.11,0.11,0.11,0.11,0.11,0.11,0.11,0.11,
0.11,0.11,0.11,0.11,0.11,0.11,0.11,0.11,-0.05,-0.23,-0.31,-0.33,-0.19,0.01,0.14,0.02,0.09,0.11,0.11,0.11,0.11,0.11,0.11,0.11,0.11,0.11,0.11,0.11,


------------------------------------------
Output: 


0.11,0.11,0.11,0.11,0.11,0.11,0.11,0.11,0.11,0.11,0.11,0.11,0.11,0.11,0.11,0.11,0.11,0.11,0.11,0.11,0.11,0.11,0.11,0.11,0.11,0.11,0.11,0.11,
0.11,0.11,0.11,0.11,0.11,0.11,0.11,0.11,0.11,0.11,0.11,0.11,0.11,0.11,0.11,0.11,0.11,0.11,0.11,0.11,0.11,0.11,0.11,0.11,0.11,0.11,0.11,0.11,
0.11,0.11,0.11,0.11,0.11,0.11,0.11,0.11,0.11,0.11,0.11,0.11,0.11,0.11,0.11,0.11,0.11,0.11,0.11,0.11,0.11,0.11,0.11,0.11,0.11,0.11,0.11,0.11,
0.11,0.11,0.11,0.11,0.11,0.11,0.11,0.11,0.11,0.11,0.11,0.11,0.11,0.11,0.11,0.11,0.11,0.11,0.11,0.11,0.11,0.11,0.11,0.11,0.11,0.11,0.11,0.11,
0.11,0.11,0.11,0.11,0.11,0.11,0.11,0.11,0.11,0.11,0.11,0.11,0.11,0.11,0.11,0.11,0.11,0.11,0.11,0.11,0.11,0.11,0.11,0.11,0.11,0.11,0.11,0.11,
0.11,0.11,0.11,0.11,0.19,0.25,0.21,0.16,0.06,0.19,0.12,0.21,0.14,0.15,0.11,0.11,0.11,0.11,0.11,0.11,0.11,0.11,0.11,0.11,0.11,0.11,0.11,0.11,
0.11,0.11,0.11,0.11,0.24,0.06,0.02,0.00,0.03,0.03,0.13,0.16,0.25,0.29,0.27,0.27,0.27,0.27,0.25,0.15,0.14,0.16,0.23,0.16,0.11,0.11,0.11,0.11,
0.11,0.11,0.11,0.11,0.00,0.00,0.00,0.00,0.00,0.00,0.00,0.00,0.00,0.00,0.00,0.00,0.00,0.00,0.00,0.00,0.00,0.01,0.12,0.21,0.11,0.11,0.11,0.11,
0.11,0.11,0.11,0.11,0.00,0.00,0.00,0.00,0.00,0.00,0.00,0.00,0.00,0.00,0.00,0.00,0.00,0.00,0.00,0.00,0.00,0.00,0.00,0.08,0.11,0.11,0.11,0.11,
0.11,0.11,0.11,0.11,0.00,0.00,0.00,0.00,0.00,0.00,0.00,0.00,0.00,0.00,0.00,0.00,0.00,0.00,0.00,0.00,0.00,0.00,0.00,0.01,0.11,0.11,0.11,0.11,
0.11,0.11,0.11,0.11,0.00,0.00,0.00,0.00,0.00,0.00,0.00,0.00,0.00,0.00,0.00,0.00,0.00,0.00,0.00,0.00,0.00,0.00,0.00,0.12,0.11,0.11,0.11,0.11,
0.11,0.11,0.11,0.11,0.05,0.00,0.00,0.00,0.00,0.00,0.00,0.00,0.00,0.00,0.00,0.00,0.00,0.00,0.00,0.00,0.00,0.00,0.03,0.12,0.11,0.11,0.11,0.11,
0.11,0.11,0.11,0.11,0.11,0.11,0.11,0.11,0.11,0.10,0.05,0.06,0.00,0.01,0.00,0.05,0.00,0.00,0.00,0.00,0.00,0.00,0.08,0.08,0.11,0.11,0.11,0.11,
0.11,0.11,0.11,0.11,0.11,0.11,0.11,0.11,0.11,0.11,0.11,0.11,0.11,0.11,0.18,0.00,0.00,0.00,0.00,0.00,0.00,0.00,0.05,0.10,0.11,0.11,0.11,0.11,
0.11,0.11,0.11,0.11,0.11,0.11,0.11,0.11,0.11,0.11,0.11,0.11,0.11,0.12,0.13,0.00,0.00,0.00,0.00,0.00,0.00,0.14,0.11,0.11,0.11,0.11,0.11,0.11,
0.11,0.11,0.11,0.11,0.11,0.11,0.11,0.11,0.11,0.11,0.11,0.11,0.11,0.22,0.00,0.00,0.00,0.00,0.00,0.00,0.01,0.05,0.09,0.11,0.11,0.11,0.11,0.11,
0.11,0.11,0.11,0.11,0.11,0.11,0.11,0.11,0.11,0.11,0.11,0.11,0.18,0.19,0.00,0.00,0.00,0.00,0.00,0.00,0.11,0.09,0.11,0.11,0.11,0.11,0.11,0.11,
0.11,0.11,0.11,0.11,0.11,0.11,0.11,0.11,0.11,0.11,0.11,0.13,0.24,0.00,0.00,0.00,0.00,0.00,0.00,0.04,0.07,0.11,0.11,0.11,0.11,0.11,0.11,0.11,
0.11,0.11,0.11,0.11,0.11,0.11,0.11,0.11,0.11,0.11,0.12,0.28,0.00,0.00,0.00,0.00,0.00,0.00,0.00,0.11,0.08,0.11,0.11,0.11,0.11,0.11,0.11,0.11,
0.11,0.11,0.11,0.11,0.11,0.11,0.11,0.11,0.11,0.11,0.15,0.12,0.00,0.00,0.00,0.00,0.00,0.00,0.06,0.07,0.11,0.11,0.11,0.11,0.11,0.11,0.11,0.11,
0.11,0.11,0.11,0.11,0.11,0.11,0.11,0.11,0.11,0.14,0.27,0.00,0.00,0.00,0.00,0.00,0.00,0.00,0.11,0.09,0.11,0.11,0.11,0.11,0.11,0.11,0.11,0.11,
0.11,0.11,0.11,0.11,0.11,0.11,0.11,0.11,0.11,0.21,0.04,0.00,0.00,0.00,0.00,0.00,0.00,0.13,0.06,0.11,0.11,0.11,0.11,0.11,0.11,0.11,0.11,0.11,
0.11,0.11,0.11,0.11,0.11,0.11,0.11,0.11,0.17,0.16,0.00,0.00,0.00,0.00,0.00,0.00,0.12,0.07,0.10,0.11,0.11,0.11,0.11,0.11,0.11,0.11,0.11,0.11,
0.11,0.11,0.11,0.11,0.11,0.11,0.11,0.11,0.17,0.00,0.00,0.00,0.00,0.00,0.00,0.00,0.06,0.08,0.11,0.11,0.11,0.11,0.11,0.11,0.11,0.11,0.11,0.11,
0.11,0.11,0.11,0.11,0.11,0.11,0.11,0.11,0.06,0.00,0.00,0.00,0.00,0.00,0.00,0.00,0.04,0.11,0.11,0.11,0.11,0.11,0.11,0.11,0.11,0.11,0.11,0.11,
0.11,0.11,0.11,0.11,0.11,0.11,0.11,0.11,0.00,0.00,0.00,0.00,0.00,0.00,0.00,0.01,0.10,0.11,0.11,0.11,0.11,0.11,0.11,0.11,0.11,0.11,0.11,0.11,
0.11,0.11,0.11,0.11,0.11,0.11,0.11,0.11,0.00,0.00,0.00,0.00,0.00,0.00,0.00,0.16,0.12,0.11,0.11,0.11,0.11,0.11,0.11,0.11,0.11,0.11,0.11,0.11,
0.11,0.11,0.11,0.11,0.11,0.11,0.11,0.11,0.00,0.00,0.00,0.00,0.00,0.01,0.14,0.02,0.09,0.11,0.11,0.11,0.11,0.11,0.11,0.11,0.11,0.11,0.11,0.11,


==========================================
INFO:     Forward Pass: Layer Pooling:pool1 - Kernel [2,2], Pad 0, Stride 2 - Output Information: channel 20, width 14, height 14
Input: 


0.11,0.11,0.11,0.11,0.11,0.11,0.11,0.11,0.11,0.11,0.11,0.11,0.11,0.11,0.11,0.11,0.11,0.11,0.11,0.11,0.11,0.11,0.11,0.11,0.11,0.11,0.11,0.11,
0.11,0.11,0.11,0.11,0.11,0.11,0.11,0.11,0.11,0.11,0.11,0.11,0.11,0.11,0.11,0.11,0.11,0.11,0.11,0.11,0.11,0.11,0.11,0.11,0.11,0.11,0.11,0.11,
0.11,0.11,0.11,0.11,0.11,0.11,0.11,0.11,0.11,0.11,0.11,0.11,0.11,0.11,0.11,0.11,0.11,0.11,0.11,0.11,0.11,0.11,0.11,0.11,0.11,0.11,0.11,0.11,
0.11,0.11,0.11,0.11,0.11,0.11,0.11,0.11,0.11,0.11,0.11,0.11,0.11,0.11,0.11,0.11,0.11,0.11,0.11,0.11,0.11,0.11,0.11,0.11,0.11,0.11,0.11,0.11,
0.11,0.11,0.11,0.11,0.11,0.11,0.11,0.11,0.11,0.11,0.11,0.11,0.11,0.11,0.11,0.11,0.11,0.11,0.11,0.11,0.11,0.11,0.11,0.11,0.11,0.11,0.11,0.11,
0.11,0.11,0.11,0.11,0.19,0.25,0.21,0.16,0.06,0.19,0.12,0.21,0.14,0.15,0.11,0.11,0.11,0.11,0.11,0.11,0.11,0.11,0.11,0.11,0.11,0.11,0.11,0.11,
0.11,0.11,0.11,0.11,0.24,0.06,0.02,0.00,0.03,0.03,0.13,0.16,0.25,0.29,0.27,0.27,0.27,0.27,0.25,0.15,0.14,0.16,0.23,0.16,0.11,0.11,0.11,0.11,
0.11,0.11,0.11,0.11,0.00,0.00,0.00,0.00,0.00,0.00,0.00,0.00,0.00,0.00,0.00,0.00,0.00,0.00,0.00,0.00,0.00,0.01,0.12,0.21,0.11,0.11,0.11,0.11,
0.11,0.11,0.11,0.11,0.00,0.00,0.00,0.00,0.00,0.00,0.00,0.00,0.00,0.00,0.00,0.00,0.00,0.00,0.00,0.00,0.00,0.00,0.00,0.08,0.11,0.11,0.11,0.11,
0.11,0.11,0.11,0.11,0.00,0.00,0.00,0.00,0.00,0.00,0.00,0.00,0.00,0.00,0.00,0.00,0.00,0.00,0.00,0.00,0.00,0.00,0.00,0.01,0.11,0.11,0.11,0.11,
0.11,0.11,0.11,0.11,0.00,0.00,0.00,0.00,0.00,0.00,0.00,0.00,0.00,0.00,0.00,0.00,0.00,0.00,0.00,0.00,0.00,0.00,0.00,0.12,0.11,0.11,0.11,0.11,
0.11,0.11,0.11,0.11,0.05,0.00,0.00,0.00,0.00,0.00,0.00,0.00,0.00,0.00,0.00,0.00,0.00,0.00,0.00,0.00,0.00,0.00,0.03,0.12,0.11,0.11,0.11,0.11,
0.11,0.11,0.11,0.11,0.11,0.11,0.11,0.11,0.11,0.10,0.05,0.06,0.00,0.01,0.00,0.05,0.00,0.00,0.00,0.00,0.00,0.00,0.08,0.08,0.11,0.11,0.11,0.11,
0.11,0.11,0.11,0.11,0.11,0.11,0.11,0.11,0.11,0.11,0.11,0.11,0.11,0.11,0.18,0.00,0.00,0.00,0.00,0.00,0.00,0.00,0.05,0.10,0.11,0.11,0.11,0.11,
0.11,0.11,0.11,0.11,0.11,0.11,0.11,0.11,0.11,0.11,0.11,0.11,0.11,0.12,0.13,0.00,0.00,0.00,0.00,0.00,0.00,0.14,0.11,0.11,0.11,0.11,0.11,0.11,
0.11,0.11,0.11,0.11,0.11,0.11,0.11,0.11,0.11,0.11,0.11,0.11,0.11,0.22,0.00,0.00,0.00,0.00,0.00,0.00,0.01,0.05,0.09,0.11,0.11,0.11,0.11,0.11,
0.11,0.11,0.11,0.11,0.11,0.11,0.11,0.11,0.11,0.11,0.11,0.11,0.18,0.19,0.00,0.00,0.00,0.00,0.00,0.00,0.11,0.09,0.11,0.11,0.11,0.11,0.11,0.11,
0.11,0.11,0.11,0.11,0.11,0.11,0.11,0.11,0.11,0.11,0.11,0.13,0.24,0.00,0.00,0.00,0.00,0.00,0.00,0.04,0.07,0.11,0.11,0.11,0.11,0.11,0.11,0.11,
0.11,0.11,0.11,0.11,0.11,0.11,0.11,0.11,0.11,0.11,0.12,0.28,0.00,0.00,0.00,0.00,0.00,0.00,0.00,0.11,0.08,0.11,0.11,0.11,0.11,0.11,0.11,0.11,
0.11,0.11,0.11,0.11,0.11,0.11,0.11,0.11,0.11,0.11,0.15,0.12,0.00,0.00,0.00,0.00,0.00,0.00,0.06,0.07,0.11,0.11,0.11,0.11,0.11,0.11,0.11,0.11,
0.11,0.11,0.11,0.11,0.11,0.11,0.11,0.11,0.11,0.14,0.27,0.00,0.00,0.00,0.00,0.00,0.00,0.00,0.11,0.09,0.11,0.11,0.11,0.11,0.11,0.11,0.11,0.11,
0.11,0.11,0.11,0.11,0.11,0.11,0.11,0.11,0.11,0.21,0.04,0.00,0.00,0.00,0.00,0.00,0.00,0.13,0.06,0.11,0.11,0.11,0.11,0.11,0.11,0.11,0.11,0.11,
0.11,0.11,0.11,0.11,0.11,0.11,0.11,0.11,0.17,0.16,0.00,0.00,0.00,0.00,0.00,0.00,0.12,0.07,0.10,0.11,0.11,0.11,0.11,0.11,0.11,0.11,0.11,0.11,
0.11,0.11,0.11,0.11,0.11,0.11,0.11,0.11,0.17,0.00,0.00,0.00,0.00,0.00,0.00,0.00,0.06,0.08,0.11,0.11,0.11,0.11,0.11,0.11,0.11,0.11,0.11,0.11,
0.11,0.11,0.11,0.11,0.11,0.11,0.11,0.11,0.06,0.00,0.00,0.00,0.00,0.00,0.00,0.00,0.04,0.11,0.11,0.11,0.11,0.11,0.11,0.11,0.11,0.11,0.11,0.11,
0.11,0.11,0.11,0.11,0.11,0.11,0.11,0.11,0.00,0.00,0.00,0.00,0.00,0.00,0.00,0.01,0.10,0.11,0.11,0.11,0.11,0.11,0.11,0.11,0.11,0.11,0.11,0.11,
0.11,0.11,0.11,0.11,0.11,0.11,0.11,0.11,0.00,0.00,0.00,0.00,0.00,0.00,0.00,0.16,0.12,0.11,0.11,0.11,0.11,0.11,0.11,0.11,0.11,0.11,0.11,0.11,
0.11,0.11,0.11,0.11,0.11,0.11,0.11,0.11,0.00,0.00,0.00,0.00,0.00,0.01,0.14,0.02,0.09,0.11,0.11,0.11,0.11,0.11,0.11,0.11,0.11,0.11,0.11,0.11,


------------------------------------------
Output: 


0.11,0.11,0.11,0.11,0.11,0.11,0.11,0.11,0.11,0.11,0.11,0.11,0.11,0.11,
0.11,0.11,0.11,0.11,0.11,0.11,0.11,0.11,0.11,0.11,0.11,0.11,0.11,0.11,
0.11,0.11,0.25,0.21,0.19,0.21,0.15,0.11,0.11,0.11,0.11,0.11,0.11,0.11,
0.11,0.11,0.24,0.02,0.03,0.16,0.29,0.27,0.27,0.25,0.16,0.23,0.11,0.11,
0.11,0.11,0.00,0.00,0.00,0.00,0.00,0.00,0.00,0.00,0.00,0.08,0.11,0.11,
0.11,0.11,0.05,0.00,0.00,0.00,0.00,0.00,0.00,0.00,0.00,0.12,0.11,0.11,
0.11,0.11,0.11,0.11,0.11,0.11,0.11,0.18,0.00,0.00,0.00,0.10,0.11,0.11,
0.11,0.11,0.11,0.11,0.11,0.11,0.22,0.13,0.00,0.00,0.14,0.11,0.11,0.11,
0.11,0.11,0.11,0.11,0.11,0.13,0.24,0.00,0.00,0.04,0.11,0.11,0.11,0.11,
0.11,0.11,0.11,0.11,0.11,0.28,0.00,0.00,0.00,0.11,0.11,0.11,0.11,0.11,
0.11,0.11,0.11,0.11,0.21,0.27,0.00,0.00,0.13,0.11,0.11,0.11,0.11,0.11,
0.11,0.11,0.11,0.11,0.17,0.00,0.00,0.00,0.12,0.11,0.11,0.11,0.11,0.11,
0.11,0.11,0.11,0.11,0.06,0.00,0.00,0.01,0.11,0.11,0.11,0.11,0.11,0.11,
0.11,0.11,0.11,0.11,0.00,0.00,0.01,0.16,0.12,0.11,0.11,0.11,0.11,0.11,


==========================================
INFO:     Forward Pass: Layer Convolution:conv2 - Kernel [3,3], Pad 0, Stride 1, Dilation 1 - Output Information: channel 50, width 12, height 12
Input: 


0.11,0.11,0.11,0.11,0.11,0.11,0.11,0.11,0.11,0.11,0.11,0.11,0.11,0.11,
0.11,0.11,0.11,0.11,0.11,0.11,0.11,0.11,0.11,0.11,0.11,0.11,0.11,0.11,
0.11,0.11,0.25,0.21,0.19,0.21,0.15,0.11,0.11,0.11,0.11,0.11,0.11,0.11,
0.11,0.11,0.24,0.02,0.03,0.16,0.29,0.27,0.27,0.25,0.16,0.23,0.11,0.11,
0.11,0.11,0.00,0.00,0.00,0.00,0.00,0.00,0.00,0.00,0.00,0.08,0.11,0.11,
0.11,0.11,0.05,0.00,0.00,0.00,0.00,0.00,0.00,0.00,0.00,0.12,0.11,0.11,
0.11,0.11,0.11,0.11,0.11,0.11,0.11,0.18,0.00,0.00,0.00,0.10,0.11,0.11,
0.11,0.11,0.11,0.11,0.11,0.11,0.22,0.13,0.00,0.00,0.14,0.11,0.11,0.11,
0.11,0.11,0.11,0.11,0.11,0.13,0.24,0.00,0.00,0.04,0.11,0.11,0.11,0.11,
0.11,0.11,0.11,0.11,0.11,0.28,0.00,0.00,0.00,0.11,0.11,0.11,0.11,0.11,
0.11,0.11,0.11,0.11,0.21,0.27,0.00,0.00,0.13,0.11,0.11,0.11,0.11,0.11,
0.11,0.11,0.11,0.11,0.17,0.00,0.00,0.00,0.12,0.11,0.11,0.11,0.11,0.11,
0.11,0.11,0.11,0.11,0.06,0.00,0.00,0.01,0.11,0.11,0.11,0.11,0.11,0.11,
0.11,0.11,0.11,0.11,0.00,0.00,0.01,0.16,0.12,0.11,0.11,0.11,0.11,0.11,


------------------------------------------
Output: 


-0.01,0.06,0.20,0.26,0.21,0.09,0.02,0.01,0.01,0.01,0.01,0.01,
-0.07,-0.21,-0.10,0.23,0.48,0.51,0.56,0.57,0.61,0.59,0.35,0.10,
-0.35,-0.69,-0.78,-0.83,-0.97,-0.92,-0.65,-0.38,-0.08,0.14,0.19,0.08,
-0.47,-0.91,-1.09,-0.86,-0.60,-0.79,-0.91,-0.90,-0.73,-0.40,-0.31,-0.29,
-0.32,-0.70,-0.34,0.19,0.35,0.00,-0.27,-0.12,0.28,0.06,-0.11,-0.05,
-0.16,-0.21,0.16,0.35,0.53,0.42,0.22,0.42,0.07,-0.32,0.12,0.29,
0.01,0.01,0.00,-0.02,-0.06,-0.25,-0.46,-0.76,-0.85,-0.07,0.51,0.20,
0.01,0.01,0.01,-0.03,-0.12,-0.54,-0.65,-0.78,-0.53,0.30,0.42,0.05,
0.01,0.01,-0.00,-0.05,-0.36,-0.35,-0.76,-1.04,-0.12,0.46,0.17,0.01,
0.01,0.01,-0.05,-0.39,-0.51,-0.61,-0.92,-0.31,0.36,0.37,0.03,0.01,
0.01,0.01,-0.19,-0.69,-0.87,-1.30,-0.82,0.13,0.61,0.16,0.01,0.01,
0.01,0.01,-0.48,-0.98,-1.42,-1.42,-0.44,0.25,0.24,0.02,0.01,0.01,


==========================================
INFO:     Forward Pass: Layer ReLU
Input: 


-0.01,0.06,0.20,0.26,0.21,0.09,0.02,0.01,0.01,0.01,0.01,0.01,
-0.07,-0.21,-0.10,0.23,0.48,0.51,0.56,0.57,0.61,0.59,0.35,0.10,
-0.35,-0.69,-0.78,-0.83,-0.97,-0.92,-0.65,-0.38,-0.08,0.14,0.19,0.08,
-0.47,-0.91,-1.09,-0.86,-0.60,-0.79,-0.91,-0.90,-0.73,-0.40,-0.31,-0.29,
-0.32,-0.70,-0.34,0.19,0.35,0.00,-0.27,-0.12,0.28,0.06,-0.11,-0.05,
-0.16,-0.21,0.16,0.35,0.53,0.42,0.22,0.42,0.07,-0.32,0.12,0.29,
0.01,0.01,0.00,-0.02,-0.06,-0.25,-0.46,-0.76,-0.85,-0.07,0.51,0.20,
0.01,0.01,0.01,-0.03,-0.12,-0.54,-0.65,-0.78,-0.53,0.30,0.42,0.05,
0.01,0.01,-0.00,-0.05,-0.36,-0.35,-0.76,-1.04,-0.12,0.46,0.17,0.01,
0.01,0.01,-0.05,-0.39,-0.51,-0.61,-0.92,-0.31,0.36,0.37,0.03,0.01,
0.01,0.01,-0.19,-0.69,-0.87,-1.30,-0.82,0.13,0.61,0.16,0.01,0.01,
0.01,0.01,-0.48,-0.98,-1.42,-1.42,-0.44,0.25,0.24,0.02,0.01,0.01,


------------------------------------------
Output: 


0.00,0.06,0.20,0.26,0.21,0.09,0.02,0.01,0.01,0.01,0.01,0.01,
0.00,0.00,0.00,0.23,0.48,0.51,0.56,0.57,0.61,0.59,0.35,0.10,
0.00,0.00,0.00,0.00,0.00,0.00,0.00,0.00,0.00,0.14,0.19,0.08,
0.00,0.00,0.00,0.00,0.00,0.00,0.00,0.00,0.00,0.00,0.00,0.00,
0.00,0.00,0.00,0.19,0.35,0.00,0.00,0.00,0.28,0.06,0.00,0.00,
0.00,0.00,0.16,0.35,0.53,0.42,0.22,0.42,0.07,0.00,0.12,0.29,
0.01,0.01,0.00,0.00,0.00,0.00,0.00,0.00,0.00,0.00,0.51,0.20,
0.01,0.01,0.01,0.00,0.00,0.00,0.00,0.00,0.00,0.30,0.42,0.05,
0.01,0.01,0.00,0.00,0.00,0.00,0.00,0.00,0.00,0.46,0.17,0.01,
0.01,0.01,0.00,0.00,0.00,0.00,0.00,0.00,0.36,0.37,0.03,0.01,
0.01,0.01,0.00,0.00,0.00,0.00,0.00,0.13,0.61,0.16,0.01,0.01,
0.01,0.01,0.00,0.00,0.00,0.00,0.00,0.25,0.24,0.02,0.01,0.01,


==========================================
INFO:     Forward Pass: Layer Padding
Input: 


0.00,0.06,0.20,0.26,0.21,0.09,0.02,0.01,0.01,0.01,0.01,0.01,
0.00,0.00,0.00,0.23,0.48,0.51,0.56,0.57,0.61,0.59,0.35,0.10,
0.00,0.00,0.00,0.00,0.00,0.00,0.00,0.00,0.00,0.14,0.19,0.08,
0.00,0.00,0.00,0.00,0.00,0.00,0.00,0.00,0.00,0.00,0.00,0.00,
0.00,0.00,0.00,0.19,0.35,0.00,0.00,0.00,0.28,0.06,0.00,0.00,
0.00,0.00,0.16,0.35,0.53,0.42,0.22,0.42,0.07,0.00,0.12,0.29,
0.01,0.01,0.00,0.00,0.00,0.00,0.00,0.00,0.00,0.00,0.51,0.20,
0.01,0.01,0.01,0.00,0.00,0.00,0.00,0.00,0.00,0.30,0.42,0.05,
0.01,0.01,0.00,0.00,0.00,0.00,0.00,0.00,0.00,0.46,0.17,0.01,
0.01,0.01,0.00,0.00,0.00,0.00,0.00,0.00,0.36,0.37,0.03,0.01,
0.01,0.01,0.00,0.00,0.00,0.00,0.00,0.13,0.61,0.16,0.01,0.01,
0.01,0.01,0.00,0.00,0.00,0.00,0.00,0.25,0.24,0.02,0.01,0.01,


------------------------------------------
Output: 


0.00,0.00,0.00,0.00,0.00,0.00,0.00,0.00,0.00,0.00,0.00,0.00,0.00,0.00,
0.00,0.00,0.06,0.20,0.26,0.21,0.09,0.02,0.01,0.01,0.01,0.01,0.01,0.00,
0.00,0.00,0.00,0.00,0.23,0.48,0.51,0.56,0.57,0.61,0.59,0.35,0.10,0.00,
0.00,0.00,0.00,0.00,0.00,0.00,0.00,0.00,0.00,0.00,0.14,0.19,0.08,0.00,
0.00,0.00,0.00,0.00,0.00,0.00,0.00,0.00,0.00,0.00,0.00,0.00,0.00,0.00,
0.00,0.00,0.00,0.00,0.19,0.35,0.00,0.00,0.00,0.28,0.06,0.00,0.00,0.00,
0.00,0.00,0.00,0.16,0.35,0.53,0.42,0.22,0.42,0.07,0.00,0.12,0.29,0.00,
0.00,0.01,0.01,0.00,0.00,0.00,0.00,0.00,0.00,0.00,0.00,0.51,0.20,0.00,
0.00,0.01,0.01,0.01,0.00,0.00,0.00,0.00,0.00,0.00,0.30,0.42,0.05,0.00,
0.00,0.01,0.01,0.00,0.00,0.00,0.00,0.00,0.00,0.00,0.46,0.17,0.01,0.00,
0.00,0.01,0.01,0.00,0.00,0.00,0.00,0.00,0.00,0.36,0.37,0.03,0.01,0.00,
0.00,0.01,0.01,0.00,0.00,0.00,0.00,0.00,0.13,0.61,0.16,0.01,0.01,0.00,
0.00,0.01,0.01,0.00,0.00,0.00,0.00,0.00,0.25,0.24,0.02,0.01,0.01,0.00,
0.00,0.00,0.00,0.00,0.00,0.00,0.00,0.00,0.00,0.00,0.00,0.00,0.00,0.00,


==========================================
INFO:     Forward Pass: Layer Pooling:pool2 - Kernel [2,2], Pad 1, Stride 1 - Output Information: channel 50, width 13, height 13
Input: 


0.00,0.00,0.00,0.00,0.00,0.00,0.00,0.00,0.00,0.00,0.00,0.00,0.00,0.00,
0.00,0.00,0.06,0.20,0.26,0.21,0.09,0.02,0.01,0.01,0.01,0.01,0.01,0.00,
0.00,0.00,0.00,0.00,0.23,0.48,0.51,0.56,0.57,0.61,0.59,0.35,0.10,0.00,
0.00,0.00,0.00,0.00,0.00,0.00,0.00,0.00,0.00,0.00,0.14,0.19,0.08,0.00,
0.00,0.00,0.00,0.00,0.00,0.00,0.00,0.00,0.00,0.00,0.00,0.00,0.00,0.00,
0.00,0.00,0.00,0.00,0.19,0.35,0.00,0.00,0.00,0.28,0.06,0.00,0.00,0.00,
0.00,0.00,0.00,0.16,0.35,0.53,0.42,0.22,0.42,0.07,0.00,0.12,0.29,0.00,
0.00,0.01,0.01,0.00,0.00,0.00,0.00,0.00,0.00,0.00,0.00,0.51,0.20,0.00,
0.00,0.01,0.01,0.01,0.00,0.00,0.00,0.00,0.00,0.00,0.30,0.42,0.05,0.00,
0.00,0.01,0.01,0.00,0.00,0.00,0.00,0.00,0.00,0.00,0.46,0.17,0.01,0.00,
0.00,0.01,0.01,0.00,0.00,0.00,0.00,0.00,0.00,0.36,0.37,0.03,0.01,0.00,
0.00,0.01,0.01,0.00,0.00,0.00,0.00,0.00,0.13,0.61,0.16,0.01,0.01,0.00,
0.00,0.01,0.01,0.00,0.00,0.00,0.00,0.00,0.25,0.24,0.02,0.01,0.01,0.00,
0.00,0.00,0.00,0.00,0.00,0.00,0.00,0.00,0.00,0.00,0.00,0.00,0.00,0.00,


------------------------------------------
Output: 


0.00,0.06,0.20,0.26,0.26,0.21,0.09,0.02,0.01,0.01,0.01,0.01,0.01,
0.00,0.06,0.20,0.26,0.48,0.51,0.56,0.57,0.61,0.61,0.59,0.35,0.10,
0.00,0.00,0.00,0.23,0.48,0.51,0.56,0.57,0.61,0.61,0.59,0.35,0.10,
0.00,0.00,0.00,0.00,0.00,0.00,0.00,0.00,0.00,0.14,0.19,0.19,0.08,
0.00,0.00,0.00,0.19,0.35,0.35,0.00,0.00,0.28,0.28,0.06,0.00,0.00,
0.00,0.00,0.16,0.35,0.53,0.53,0.42,0.42,0.42,0.28,0.12,0.29,0.29,
0.01,0.01,0.16,0.35,0.53,0.53,0.42,0.42,0.42,0.07,0.51,0.51,0.29,
0.01,0.01,0.01,0.01,0.00,0.00,0.00,0.00,0.00,0.30,0.51,0.51,0.20,
0.01,0.01,0.01,0.01,0.00,0.00,0.00,0.00,0.00,0.46,0.46,0.42,0.05,
0.01,0.01,0.01,0.00,0.00,0.00,0.00,0.00,0.36,0.46,0.46,0.17,0.01,
0.01,0.01,0.01,0.00,0.00,0.00,0.00,0.13,0.61,0.61,0.37,0.03,0.01,
0.01,0.01,0.01,0.00,0.00,0.00,0.00,0.25,0.61,0.61,0.16,0.01,0.01,
0.01,0.01,0.01,0.00,0.00,0.00,0.00,0.25,0.25,0.24,0.02,0.01,0.01,


==========================================
INFO:     Forward Pass: Layer Convolution:conv_ip1 - Kernel [13,13], Pad 0, Stride 1, Dilation 1 - Output Information: channel 100, width 1, height 1
Input: 


0.00,0.06,0.20,0.26,0.26,0.21,0.09,0.02,0.01,0.01,0.01,0.01,0.01,
0.00,0.06,0.20,0.26,0.48,0.51,0.56,0.57,0.61,0.61,0.59,0.35,0.10,
0.00,0.00,0.00,0.23,0.48,0.51,0.56,0.57,0.61,0.61,0.59,0.35,0.10,
0.00,0.00,0.00,0.00,0.00,0.00,0.00,0.00,0.00,0.14,0.19,0.19,0.08,
0.00,0.00,0.00,0.19,0.35,0.35,0.00,0.00,0.28,0.28,0.06,0.00,0.00,
0.00,0.00,0.16,0.35,0.53,0.53,0.42,0.42,0.42,0.28,0.12,0.29,0.29,
0.01,0.01,0.16,0.35,0.53,0.53,0.42,0.42,0.42,0.07,0.51,0.51,0.29,
0.01,0.01,0.01,0.01,0.00,0.00,0.00,0.00,0.00,0.30,0.51,0.51,0.20,
0.01,0.01,0.01,0.01,0.00,0.00,0.00,0.00,0.00,0.46,0.46,0.42,0.05,
0.01,0.01,0.01,0.00,0.00,0.00,0.00,0.00,0.36,0.46,0.46,0.17,0.01,
0.01,0.01,0.01,0.00,0.00,0.00,0.00,0.13,0.61,0.61,0.37,0.03,0.01,
0.01,0.01,0.01,0.00,0.00,0.00,0.00,0.25,0.61,0.61,0.16,0.01,0.01,
0.01,0.01,0.01,0.00,0.00,0.00,0.00,0.25,0.25,0.24,0.02,0.01,0.01,


------------------------------------------
Output: 


4.92,


==========================================
INFO:     Forward Pass: Layer ReLU
Input: 


4.92,


------------------------------------------
Output: 


4.92,


==========================================
INFO:     Forward Pass: Layer Convolution:conv_ip2 - Kernel [1,1], Pad 0, Stride 1, Dilation 1 - Output Information: channel 10, width 1, height 1
Input: 


4.92,


------------------------------------------
Output: 


-4.65,


==========================================
INFO:     Forward Pass: Layer Output
Input: 


-4.65,


------------------------------------------
Output: 


-4.65,


==========================================
INFO: NO 1,Correct prediction on image 0: 7 = 7
INFO: Accuracy = 100.00%.
INFO: Custom Function finished successfully
INFO: Total Custom Code Run Time: 18.93
